[2022-07-27 14:31:57,469] multiqc                                            [DEBUG  ]  No MultiQC config found: /home/wonge05/anaconda2/envs/rna-seq/lib/python2.7/site-packages/multiqc-1.0.dev0-py2.7.egg/multiqc_config.yaml
[2022-07-27 14:31:57,469] multiqc                                            [DEBUG  ]  No MultiQC config found: /home/wonge05/.multiqc_config.yaml
[2022-07-27 14:31:57,469] multiqc                                            [DEBUG  ]  No MultiQC config found: multiqc_config.yaml
[2022-07-27 14:31:57,469] multiqc                                            [DEBUG  ]  Command used: /home/wonge05/anaconda2/envs/rna-seq/bin/multiqc .
[2022-07-27 14:31:57,470] multiqc                                            [DEBUG  ]  Could not connect to multiqc.info for version check
[2022-07-27 14:31:57,470] multiqc                                            [INFO   ]  This is MultiQC v1.0.dev0
[2022-07-27 14:31:57,470] multiqc                                            [DEBUG  ]  Command     : /home/wonge05/anaconda2/envs/rna-seq/bin/multiqc .
[2022-07-27 14:31:57,470] multiqc                                            [DEBUG  ]  Working dir : /home/wonge05/bfx/ChIP-seq/QC
[2022-07-27 14:31:57,470] multiqc                                            [INFO   ]  Template    : default
[2022-07-27 14:31:57,471] multiqc                                            [INFO   ]  Searching '.'
[2022-07-27 14:31:57,471] multiqc                                            [DEBUG  ]  Analysing modules: custom_content, peddy, methylQA, qualimap, preseq, quast, rseqc, busco, goleft_indexcov, snpeff, gatk, htseq, bcftools, featureCounts, picard, prokka, samblaster, samtools, bamtools, bismark, hicup, salmon, kallisto, slamdunk, star, tophat, bowtie2, bowtie1, cutadapt, trimmomatic, skewer, fastq_screen, fastqc, clusterflow
[2022-07-27 14:31:57,471] multiqc                                            [DEBUG  ]  Using temporary directory for creating report: /tmp/tmpclAmLb
[2022-07-27 14:31:59,181] multiqc.modules.custom_content.custom_content      [DEBUG  ]  No custom content found
[2022-07-27 14:31:59,220] multiqc.modules.peddy.peddy                        [DEBUG  ]  Could not find any reports in ('.',)
[2022-07-27 14:31:59,239] multiqc.modules.methylQA.methylQA                  [DEBUG  ]  Could not find any reports in ('.',)
[2022-07-27 14:31:59,289] multiqc.modules.qualimap.QM_BamQC                  [DEBUG  ]  Using default Qualimap thresholds: 1, 5, 10, 30, 50
[2022-07-27 14:31:59,309] multiqc.modules.qualimap.qualimap                  [DEBUG  ]  Could not find any reports in ('.',)
[2022-07-27 14:31:59,366] multiqc.modules.preseq.preseq                      [DEBUG  ]  Could not find any preseq data in ('.',)
[2022-07-27 14:31:59,398] multiqc.modules.quast.quast                        [DEBUG  ]  Could not find any reports in ('.',)
[2022-07-27 14:31:59,573] multiqc.modules.rseqc.rseqc                        [DEBUG  ]  Could not find any reports in ('.',)
[2022-07-27 14:31:59,595] multiqc.modules.busco.busco                        [DEBUG  ]  Could not find any reports in ('.',)
[2022-07-27 14:31:59,642] multiqc.modules.goleft_indexcov.goleft_indexcov    [DEBUG  ]  Did not find goleft indexcov outputs in ('.',)
[2022-07-27 14:31:59,731] multiqc.modules.snpeff.snpeff                      [DEBUG  ]  Could not find any data in ('.',)
[2022-07-27 14:31:59,824] multiqc.modules.gatk.gatk                          [DEBUG  ]  Could not find any reports in ('.',)
[2022-07-27 14:31:59,853] multiqc.modules.htseq.htseq                        [DEBUG  ]  Could not find any reports in ('.',)
[2022-07-27 14:31:59,917] multiqc.modules.bcftools.bcftools                  [DEBUG  ]  Could not find any reports in ('.',)
[2022-07-27 14:31:59,943] multiqc.modules.featureCounts.feature_counts       [DEBUG  ]  Could not find any reports in ('.',)
[2022-07-27 14:32:00,350] multiqc.modules.picard.picard                      [DEBUG  ]  Could not find any reports in ('.',)
[2022-07-27 14:32:00,357] multiqc.modules.prokka.prokka                      [DEBUG  ]  Could not find any Prokka data in ('.',)
[2022-07-27 14:32:00,406] multiqc.modules.samblaster.samblaster              [DEBUG  ]  Could not find any data in ('.',)
[2022-07-27 14:32:00,541] multiqc.modules.samtools.samtools                  [DEBUG  ]  Could not find any reports in ('.',)
[2022-07-27 14:32:00,589] multiqc.modules.bamtools.bamtools                  [DEBUG  ]  Could not find any reports in ('.',)
[2022-07-27 14:32:00,603] multiqc.modules.bismark.bismark                    [DEBUG  ]  Could not find any reports in ('.',)
[2022-07-27 14:32:00,636] multiqc.modules.hicup.hicup                        [DEBUG  ]  Could not find any HiCUP data in ('.',)
[2022-07-27 14:32:00,646] multiqc.modules.salmon.salmon                      [DEBUG  ]  Could not find any Salmon data in ('.',)
[2022-07-27 14:32:00,697] multiqc.modules.kallisto.kallisto                  [DEBUG  ]  Could not find any reports in ('.',)
[2022-07-27 14:32:00,852] multiqc.modules.slamdunk.slamdunk                  [DEBUG  ]  No slamdunk reports found.
[2022-07-27 14:32:00,913] multiqc.modules.star.star                          [DEBUG  ]  Could not find any reports in ('.',)
[2022-07-27 14:32:00,932] multiqc.modules.tophat.tophat                      [DEBUG  ]  Could not find any reports in ('.',)
[2022-07-27 14:32:00,964] multiqc.modules.bowtie2.bowtie2                    [DEBUG  ]  Could not find any reports in ('.',)
[2022-07-27 14:32:01,007] multiqc.modules.bowtie1.bowtie1                    [DEBUG  ]  Could not find any reports in ('.',)
[2022-07-27 14:32:01,061] multiqc.modules.cutadapt.cutadapt                  [DEBUG  ]  Could not find any reports in ('.',)
[2022-07-27 14:32:01,106] multiqc.modules.trimmomatic.trimmomatic            [DEBUG  ]  Could not find any Trimmomatic data in ('.',)
[2022-07-27 14:32:01,148] multiqc.modules.skewer.skewer                      [DEBUG  ]  Could not find any data in ('.',)
[2022-07-27 14:32:01,163] multiqc.modules.fastq_screen.fastq_screen          [DEBUG  ]  Could not find any reports in ('.',)
[2022-07-27 14:32:01,334] multiqc.modules.fastqc.fastqc                      [INFO   ]  Found 13 reports
[2022-07-27 14:32:01,951] multiqc.modules.clusterflow.clusterflow            [DEBUG  ]  Could not find any reports in ('.',)
[2022-07-27 14:32:01,955] multiqc                                            [INFO   ]  Report      : multiqc_report.html
[2022-07-27 14:32:01,955] multiqc                                            [INFO   ]  Data        : multiqc_data
[2022-07-27 14:32:01,955] multiqc                                            [DEBUG  ]  Moving data file from '/tmp/tmpclAmLb/multiqc_data/multiqc_sources.txt' to '/home/wonge05/bfx/ChIP-seq/QC/multiqc_data'
[2022-07-27 14:32:01,955] multiqc                                            [DEBUG  ]  Moving data file from '/tmp/tmpclAmLb/multiqc_data/multiqc_fastqc.txt' to '/home/wonge05/bfx/ChIP-seq/QC/multiqc_data'
[2022-07-27 14:32:01,956] multiqc                                            [DEBUG  ]  Moving data file from '/tmp/tmpclAmLb/multiqc_data/multiqc_general_stats.txt' to '/home/wonge05/bfx/ChIP-seq/QC/multiqc_data'
[2022-07-27 14:32:02,248] multiqc                                            [INFO   ]  MultiQC complete
