[2022-07-25 19:53:36,722] multiqc                                            [DEBUG  ]  No MultiQC config found: /home/wonge05/anaconda2/lib/python2.7/site-packages/multiqc-1.0.dev0-py2.7.egg/multiqc_config.yaml
[2022-07-25 19:53:36,723] multiqc                                            [DEBUG  ]  No MultiQC config found: /home/wonge05/.multiqc_config.yaml
[2022-07-25 19:53:36,723] multiqc                                            [DEBUG  ]  No MultiQC config found: multiqc_config.yaml
[2022-07-25 19:53:36,723] multiqc                                            [DEBUG  ]  Command used: /home/wonge05/anaconda2/bin/multiqc .
[2022-07-25 19:53:36,723] multiqc                                            [DEBUG  ]  Could not connect to multiqc.info for version check
[2022-07-25 19:53:36,723] multiqc                                            [INFO   ]  This is MultiQC v1.0.dev0
[2022-07-25 19:53:36,723] multiqc                                            [DEBUG  ]  Command     : /home/wonge05/anaconda2/bin/multiqc .
[2022-07-25 19:53:36,723] multiqc                                            [DEBUG  ]  Working dir : /home/wonge05/bfx/WAGR/QC
[2022-07-25 19:53:36,723] multiqc                                            [INFO   ]  Template    : default
[2022-07-25 19:53:36,723] multiqc                                            [INFO   ]  Searching '.'
[2022-07-25 19:53:36,724] multiqc                                            [DEBUG  ]  Analysing modules: custom_content, peddy, methylQA, qualimap, preseq, quast, rseqc, busco, goleft_indexcov, snpeff, gatk, htseq, bcftools, featureCounts, picard, prokka, samblaster, samtools, bamtools, bismark, hicup, salmon, kallisto, slamdunk, star, tophat, bowtie2, bowtie1, cutadapt, trimmomatic, skewer, fastq_screen, fastqc, clusterflow
[2022-07-25 19:53:36,724] multiqc                                            [DEBUG  ]  Using temporary directory for creating report: /tmp/tmpdlE8iJ
[2022-07-25 19:53:49,609] multiqc.modules.custom_content.custom_content      [DEBUG  ]  No custom content found
[2022-07-25 19:53:49,617] multiqc.modules.peddy.peddy                        [DEBUG  ]  Could not find any reports in ('.',)
[2022-07-25 19:53:49,622] multiqc.modules.methylQA.methylQA                  [DEBUG  ]  Could not find any reports in ('.',)
[2022-07-25 19:53:49,625] multiqc.modules.qualimap.QM_BamQC                  [DEBUG  ]  Using default Qualimap thresholds: 1, 5, 10, 30, 50
[2022-07-25 19:53:49,633] multiqc.modules.qualimap.qualimap                  [DEBUG  ]  Could not find any reports in ('.',)
[2022-07-25 19:53:49,654] multiqc.modules.preseq.preseq                      [DEBUG  ]  Could not find any preseq data in ('.',)
[2022-07-25 19:53:49,659] multiqc.modules.quast.quast                        [DEBUG  ]  Could not find any reports in ('.',)
[2022-07-25 19:53:49,727] multiqc.modules.rseqc.rseqc                        [DEBUG  ]  Could not find any reports in ('.',)
[2022-07-25 19:53:49,731] multiqc.modules.busco.busco                        [DEBUG  ]  Could not find any reports in ('.',)
[2022-07-25 19:53:49,736] multiqc.modules.goleft_indexcov.goleft_indexcov    [DEBUG  ]  Did not find goleft indexcov outputs in ('.',)
[2022-07-25 19:53:49,754] multiqc.modules.snpeff.snpeff                      [DEBUG  ]  Could not find any data in ('.',)
[2022-07-25 19:53:49,771] multiqc.modules.gatk.gatk                          [DEBUG  ]  Could not find any reports in ('.',)
[2022-07-25 19:53:49,789] multiqc.modules.htseq.htseq                        [DEBUG  ]  Could not find any reports in ('.',)
[2022-07-25 19:53:49,806] multiqc.modules.bcftools.bcftools                  [DEBUG  ]  Could not find any reports in ('.',)
[2022-07-25 19:53:49,810] multiqc.modules.featureCounts.feature_counts       [DEBUG  ]  Could not find any reports in ('.',)
[2022-07-25 19:53:49,959] multiqc.modules.picard.picard                      [DEBUG  ]  Could not find any reports in ('.',)
[2022-07-25 19:53:49,964] multiqc.modules.prokka.prokka                      [DEBUG  ]  Could not find any Prokka data in ('.',)
[2022-07-25 19:53:49,981] multiqc.modules.samblaster.samblaster              [DEBUG  ]  Could not find any data in ('.',)
[2022-07-25 19:53:50,029] multiqc.modules.samtools.samtools                  [DEBUG  ]  Could not find any reports in ('.',)
[2022-07-25 19:53:50,046] multiqc.modules.bamtools.bamtools                  [DEBUG  ]  Could not find any reports in ('.',)
[2022-07-25 19:53:50,056] multiqc.modules.bismark.bismark                    [DEBUG  ]  Could not find any reports in ('.',)
[2022-07-25 19:53:50,060] multiqc.modules.hicup.hicup                        [DEBUG  ]  Could not find any HiCUP data in ('.',)
[2022-07-25 19:53:50,066] multiqc.modules.salmon.salmon                      [DEBUG  ]  Could not find any Salmon data in ('.',)
[2022-07-25 19:53:50,084] multiqc.modules.kallisto.kallisto                  [DEBUG  ]  Could not find any reports in ('.',)
[2022-07-25 19:53:50,173] multiqc.modules.slamdunk.slamdunk                  [DEBUG  ]  No slamdunk reports found.
[2022-07-25 19:53:50,179] multiqc.modules.star.star                          [DEBUG  ]  Could not find any reports in ('.',)
[2022-07-25 19:53:50,184] multiqc.modules.tophat.tophat                      [DEBUG  ]  Could not find any reports in ('.',)
[2022-07-25 19:53:50,201] multiqc.modules.bowtie2.bowtie2                    [DEBUG  ]  Could not find any reports in ('.',)
[2022-07-25 19:53:50,218] multiqc.modules.bowtie1.bowtie1                    [DEBUG  ]  Could not find any reports in ('.',)
[2022-07-25 19:53:50,236] multiqc.modules.cutadapt.cutadapt                  [DEBUG  ]  Could not find any reports in ('.',)
[2022-07-25 19:53:50,253] multiqc.modules.trimmomatic.trimmomatic            [DEBUG  ]  Could not find any Trimmomatic data in ('.',)
[2022-07-25 19:53:50,271] multiqc.modules.skewer.skewer                      [DEBUG  ]  Could not find any data in ('.',)
[2022-07-25 19:53:50,275] multiqc.modules.fastq_screen.fastq_screen          [DEBUG  ]  Could not find any reports in ('.',)
[2022-07-25 19:53:50,606] multiqc.modules.fastqc.fastqc                      [INFO   ]  Found 8 reports
[2022-07-25 19:53:50,907] multiqc.modules.clusterflow.clusterflow            [DEBUG  ]  Could not find any reports in ('.',)
[2022-07-25 19:53:50,909] multiqc                                            [INFO   ]  Report      : multiqc_report.html
[2022-07-25 19:53:50,909] multiqc                                            [INFO   ]  Data        : multiqc_data
[2022-07-25 19:53:50,909] multiqc                                            [DEBUG  ]  Moving data file from '/tmp/tmpdlE8iJ/multiqc_data/multiqc_general_stats.txt' to '/home/wonge05/bfx/WAGR/QC/multiqc_data'
[2022-07-25 19:53:50,910] multiqc                                            [DEBUG  ]  Moving data file from '/tmp/tmpdlE8iJ/multiqc_data/multiqc_fastqc.txt' to '/home/wonge05/bfx/WAGR/QC/multiqc_data'
[2022-07-25 19:53:50,910] multiqc                                            [DEBUG  ]  Moving data file from '/tmp/tmpdlE8iJ/multiqc_data/multiqc_sources.txt' to '/home/wonge05/bfx/WAGR/QC/multiqc_data'
[2022-07-25 19:53:51,144] multiqc                                            [INFO   ]  MultiQC complete
